  test.c
D:\CODE01\2025\test7-23\test7-23\test.c(37,10): warning C4013: “Add”未定义；假设外部返回 int
test.obj : error LNK2019: 无法解析的外部符号 Add，函数 main 中引用了该符号
D:\CODE01\2025\test7-23\x64\Debug\test-7-23.exe : fatal error LNK1120: 1 个无法解析的外部命令
